2025-09-18 06:47:18 - INFO - ###############################
2025-09-18 06:47:18 - INFO - TEST INFO LOGGING FINALLY
2025-09-18 06:47:18 - WARNING - TEST WARNING LOGGING FINALLY
2025-09-18 06:47:18 - ERROR - Error to: utils.my_logger | Index: 0
NoneType: None
2025-09-18 06:47:18 - CRITICAL - TEST FATAL LOGGING FINALLY
2025-09-18 06:47:18 - INFO - LOGGER STARTED
2025-09-18 06:47:18 - INFO - ###############################
2025-09-18 06:47:18 - INFO - Stated connect to db
2025-09-18 06:47:18 - INFO - Users db created/exist
2025-09-18 06:47:19 - INFO - WS Parser started!
2025-09-18 06:47:19 - INFO - Getting data from server
2025-09-18 06:47:20 - INFO - 2045262706 used START MESSAGE FUNC
2025-09-18 06:47:20 - INFO - 2045262706 used GET HELP FUNC 2
2025-09-18 06:47:21 - INFO - Start schedule normalization
2025-09-18 06:47:21 - INFO - Schedule is the same. Cancel.
2025-09-18 06:47:21 - INFO - Data received from server
2025-09-18 06:52:21 - INFO - Getting data from server
2025-09-18 06:52:22 - INFO - Start schedule normalization
2025-09-18 06:52:22 - INFO - Schedule is the same. Cancel.
2025-09-18 06:52:22 - INFO - Data received from server
2025-09-18 06:57:22 - INFO - Getting data from server
2025-09-18 06:57:24 - INFO - Start schedule normalization
2025-09-18 06:57:24 - INFO - Schedule is the same. Cancel.
2025-09-18 06:57:24 - INFO - Data received from server
2025-09-18 07:02:24 - INFO - Getting data from server
2025-09-18 07:02:25 - INFO - Start schedule normalization
2025-09-18 07:02:25 - INFO - Schedule is the same. Cancel.
2025-09-18 07:02:25 - INFO - Data received from server
2025-09-18 07:07:25 - INFO - Getting data from server
2025-09-18 07:07:27 - INFO - Start schedule normalization
2025-09-18 07:07:27 - INFO - Schedule is the same. Cancel.
2025-09-18 07:07:27 - INFO - Data received from server
2025-09-18 07:12:27 - INFO - Getting data from server
2025-09-18 07:12:29 - INFO - Start schedule normalization
2025-09-18 07:12:29 - INFO - Schedule is the same. Cancel.
2025-09-18 07:12:29 - INFO - Data received from server
2025-09-18 07:17:29 - INFO - Getting data from server
2025-09-18 07:17:30 - INFO - Start schedule normalization
2025-09-18 07:17:30 - INFO - Schedule is the same. Cancel.
2025-09-18 07:17:30 - INFO - Data received from server
2025-09-18 07:22:30 - INFO - Getting data from server
2025-09-18 07:22:31 - INFO - Start schedule normalization
2025-09-18 07:22:32 - INFO - Schedule is the same. Cancel.
2025-09-18 07:22:32 - INFO - Data received from server
2025-09-18 07:27:32 - INFO - Getting data from server
2025-09-18 07:27:33 - INFO - Start schedule normalization
2025-09-18 07:27:33 - INFO - Schedule is the same. Cancel.
2025-09-18 07:27:33 - INFO - Data received from server
2025-09-18 07:32:33 - INFO - Getting data from server
2025-09-18 07:32:34 - INFO - Start schedule normalization
2025-09-18 07:32:35 - INFO - Schedule is the same. Cancel.
2025-09-18 07:32:35 - INFO - Data received from server
2025-09-18 07:37:35 - INFO - Getting data from server
2025-09-18 07:37:36 - INFO - Start schedule normalization
2025-09-18 07:37:36 - INFO - Schedule is the same. Cancel.
2025-09-18 07:37:36 - INFO - Data received from server
2025-09-18 07:42:36 - INFO - Getting data from server
2025-09-18 07:42:37 - INFO - Start schedule normalization
2025-09-18 07:42:37 - INFO - Schedule is the same. Cancel.
2025-09-18 07:42:37 - INFO - Data received from server
2025-09-18 07:47:37 - INFO - Getting data from server
2025-09-18 07:47:39 - INFO - Start schedule normalization
2025-09-18 07:47:39 - INFO - Schedule is the same. Cancel.
2025-09-18 07:47:39 - INFO - Data received from server
2025-09-18 07:52:39 - INFO - Getting data from server
2025-09-18 07:52:40 - INFO - Start schedule normalization
2025-09-18 07:52:40 - INFO - Schedule is the same. Cancel.
2025-09-18 07:52:40 - INFO - Data received from server
2025-09-18 07:57:40 - INFO - Getting data from server
2025-09-18 07:57:42 - INFO - Start schedule normalization
2025-09-18 07:57:42 - INFO - Schedule is the same. Cancel.
2025-09-18 07:57:42 - INFO - Data received from server
2025-09-18 08:02:42 - INFO - Getting data from server
2025-09-18 08:03:03 - INFO - Data received from server
2025-09-18 08:08:03 - INFO - Getting data from server
2025-09-18 08:08:04 - INFO - Start schedule normalization
2025-09-18 08:08:05 - INFO - Schedule is the same. Cancel.
2025-09-18 08:08:05 - INFO - Data received from server
2025-09-18 08:13:05 - INFO - Getting data from server
2025-09-18 08:13:06 - INFO - Start schedule normalization
2025-09-18 08:13:06 - INFO - Schedule is the same. Cancel.
2025-09-18 08:13:06 - INFO - Data received from server
2025-09-18 08:18:06 - INFO - Getting data from server
2025-09-18 08:18:07 - INFO - Start schedule normalization
2025-09-18 08:18:08 - INFO - Schedule is the same. Cancel.
2025-09-18 08:18:08 - INFO - Data received from server
2025-09-18 08:23:08 - INFO - Getting data from server
2025-09-18 08:23:09 - INFO - Start schedule normalization
2025-09-18 08:23:09 - INFO - Schedule is the same. Cancel.
2025-09-18 08:23:09 - INFO - Data received from server
2025-09-18 08:28:09 - INFO - Getting data from server
2025-09-18 08:28:10 - INFO - Start schedule normalization
2025-09-18 08:28:11 - INFO - Schedule is the same. Cancel.
2025-09-18 08:28:11 - INFO - Data received from server
2025-09-18 08:33:11 - INFO - Getting data from server
2025-09-18 08:33:12 - INFO - Start schedule normalization
2025-09-18 08:33:12 - INFO - Schedule is the same. Cancel.
2025-09-18 08:33:12 - INFO - Data received from server
2025-09-18 08:38:12 - INFO - Getting data from server
2025-09-18 08:38:13 - INFO - Start schedule normalization
2025-09-18 08:38:14 - INFO - Schedule is the same. Cancel.
2025-09-18 08:38:14 - INFO - Data received from server
2025-09-18 08:43:14 - INFO - Getting data from server
2025-09-18 08:43:15 - INFO - Start schedule normalization
2025-09-18 08:43:15 - INFO - Schedule is the same. Cancel.
2025-09-18 08:43:15 - INFO - Data received from server
2025-09-18 08:48:15 - INFO - Getting data from server
2025-09-18 08:48:16 - INFO - Start schedule normalization
2025-09-18 08:48:16 - INFO - Schedule is the same. Cancel.
2025-09-18 08:48:16 - INFO - Data received from server
2025-09-18 08:53:16 - INFO - Getting data from server
2025-09-18 08:53:18 - INFO - Start schedule normalization
2025-09-18 08:53:18 - INFO - Schedule is the same. Cancel.
2025-09-18 08:53:18 - INFO - Data received from server
2025-09-18 08:58:18 - INFO - Getting data from server
2025-09-18 08:58:20 - INFO - Start schedule normalization
2025-09-18 08:58:20 - INFO - Schedule is the same. Cancel.
2025-09-18 08:58:20 - INFO - Data received from server
2025-09-18 09:00:54 - INFO - 488635832 used START MESSAGE FUNC
2025-09-18 09:01:08 - INFO - 488635832 used CHOICE PARALLEL FUNC
2025-09-18 09:01:15 - INFO - 488635832 used CHOICE CLASS FUNC and choice 9 классы
2025-09-18 09:01:17 - INFO - 488635832 used SAVE CHOICE CLASS FUNC and choice 9А
2025-09-18 09:01:21 - INFO - 488635832 used GET SCHEDULE FUNC and choice Пятница
2025-09-18 09:01:33 - INFO - 488635832 used CHOICE PARALLEL FUNC
2025-09-18 09:01:36 - INFO - 488635832 used CHOICE CLASS FUNC and choice 11 классы
2025-09-18 09:01:38 - INFO - 488635832 used SAVE CHOICE CLASS FUNC and choice 11Г
2025-09-18 09:01:45 - INFO - 488635832 used GET SCHEDULE FUNC and choice Вторник
2025-09-18 09:01:53 - INFO - 488635832 used CHOICE PARALLEL FUNC
2025-09-18 09:01:58 - INFO - 488635832 used HELP MESSAGE FUNC
2025-09-18 09:03:20 - INFO - Getting data from server
2025-09-18 09:03:21 - INFO - Start schedule normalization
2025-09-18 09:03:21 - INFO - Schedule is the same. Cancel.
2025-09-18 09:03:21 - INFO - Data received from server
2025-09-18 09:08:21 - INFO - Getting data from server
2025-09-18 09:08:23 - INFO - Start schedule normalization
2025-09-18 09:08:23 - INFO - Schedule is the same. Cancel.
2025-09-18 09:08:23 - INFO - Data received from server
2025-09-18 09:13:23 - INFO - Getting data from server
2025-09-18 09:13:24 - INFO - Start schedule normalization
2025-09-18 09:13:24 - INFO - Schedule is the same. Cancel.
2025-09-18 09:13:24 - INFO - Data received from server
2025-09-18 09:18:24 - INFO - Getting data from server
2025-09-18 09:18:26 - INFO - Start schedule normalization
2025-09-18 09:18:26 - INFO - Schedule is the same. Cancel.
2025-09-18 09:18:26 - INFO - Data received from server
2025-09-18 09:23:26 - INFO - Getting data from server
2025-09-18 09:23:27 - INFO - Start schedule normalization
2025-09-18 09:23:27 - INFO - Schedule is the same. Cancel.
2025-09-18 09:23:27 - INFO - Data received from server
2025-09-18 09:28:27 - INFO - Getting data from server
2025-09-18 09:28:29 - INFO - Start schedule normalization
2025-09-18 09:28:29 - INFO - Schedule is the same. Cancel.
2025-09-18 09:28:29 - INFO - Data received from server
2025-09-18 09:33:29 - INFO - Getting data from server
2025-09-18 09:33:30 - INFO - Start schedule normalization
2025-09-18 09:33:30 - INFO - Schedule is the same. Cancel.
2025-09-18 09:33:30 - INFO - Data received from server
2025-09-18 09:38:30 - INFO - Getting data from server
2025-09-18 09:38:32 - INFO - Start schedule normalization
2025-09-18 09:38:32 - INFO - Schedule is the same. Cancel.
2025-09-18 09:38:32 - INFO - Data received from server
2025-09-18 09:43:32 - INFO - Getting data from server
2025-09-18 09:43:33 - INFO - Start schedule normalization
2025-09-18 09:43:33 - INFO - Schedule is the same. Cancel.
2025-09-18 09:43:33 - INFO - Data received from server
2025-09-18 09:48:33 - INFO - Getting data from server
2025-09-18 09:48:34 - INFO - Start schedule normalization
2025-09-18 09:48:34 - INFO - Schedule is the same. Cancel.
2025-09-18 09:48:34 - INFO - Data received from server
2025-09-18 09:53:34 - INFO - Getting data from server
2025-09-18 09:53:36 - INFO - Start schedule normalization
2025-09-18 09:53:36 - INFO - Schedule is the same. Cancel.
2025-09-18 09:53:36 - INFO - Data received from server
2025-09-18 09:58:36 - INFO - Getting data from server
2025-09-18 09:58:37 - INFO - Start schedule normalization
2025-09-18 09:58:37 - INFO - Schedule is the same. Cancel.
2025-09-18 09:58:37 - INFO - Data received from server
2025-09-18 10:03:37 - INFO - Getting data from server
2025-09-18 10:03:39 - INFO - Start schedule normalization
2025-09-18 10:03:39 - INFO - Schedule is the same. Cancel.
2025-09-18 10:03:39 - INFO - Data received from server
2025-09-18 10:08:39 - INFO - Getting data from server
2025-09-18 10:08:40 - INFO - Start schedule normalization
2025-09-18 10:08:40 - INFO - Schedule is the same. Cancel.
2025-09-18 10:08:40 - INFO - Data received from server
2025-09-18 10:13:40 - INFO - Getting data from server
2025-09-18 10:13:42 - INFO - Start schedule normalization
2025-09-18 10:13:42 - INFO - Schedule is the same. Cancel.
2025-09-18 10:13:42 - INFO - Data received from server
2025-09-18 10:18:42 - INFO - Getting data from server
2025-09-18 10:18:43 - INFO - Start schedule normalization
2025-09-18 10:18:43 - INFO - Schedule is the same. Cancel.
2025-09-18 10:18:43 - INFO - Data received from server
2025-09-18 10:23:43 - INFO - Getting data from server
2025-09-18 10:23:45 - INFO - Start schedule normalization
2025-09-18 10:23:45 - INFO - Schedule is the same. Cancel.
2025-09-18 10:23:45 - INFO - Data received from server
2025-09-18 10:28:45 - INFO - Getting data from server
2025-09-18 10:28:46 - INFO - Start schedule normalization
2025-09-18 10:28:46 - INFO - Schedule is the same. Cancel.
2025-09-18 10:28:46 - INFO - Data received from server
2025-09-18 10:33:46 - INFO - Getting data from server
2025-09-18 10:33:48 - INFO - Start schedule normalization
2025-09-18 10:33:48 - INFO - Schedule is the same. Cancel.
2025-09-18 10:33:48 - INFO - Data received from server
2025-09-18 10:38:48 - INFO - Getting data from server
2025-09-18 10:38:49 - INFO - Start schedule normalization
2025-09-18 10:38:49 - INFO - Schedule is the same. Cancel.
2025-09-18 10:38:49 - INFO - Data received from server
2025-09-18 10:43:49 - INFO - Getting data from server
2025-09-18 10:43:51 - INFO - Start schedule normalization
2025-09-18 10:43:51 - INFO - Schedule is the same. Cancel.
2025-09-18 10:43:51 - INFO - Data received from server
2025-09-18 10:48:51 - INFO - Getting data from server
2025-09-18 10:48:52 - INFO - Start schedule normalization
2025-09-18 10:48:52 - INFO - Schedule is the same. Cancel.
2025-09-18 10:48:52 - INFO - Data received from server
2025-09-18 10:53:52 - INFO - Getting data from server
2025-09-18 10:53:54 - INFO - Start schedule normalization
2025-09-18 10:53:54 - INFO - Schedule is the same. Cancel.
2025-09-18 10:53:54 - INFO - Data received from server
2025-09-18 10:58:54 - INFO - Getting data from server
2025-09-18 10:58:55 - INFO - Start schedule normalization
2025-09-18 10:58:55 - INFO - Schedule is the same. Cancel.
2025-09-18 10:58:55 - INFO - Data received from server
2025-09-18 11:03:55 - INFO - Getting data from server
2025-09-18 11:03:57 - INFO - Start schedule normalization
2025-09-18 11:03:57 - INFO - Schedule is the same. Cancel.
2025-09-18 11:03:57 - INFO - Data received from server
2025-09-18 11:08:57 - INFO - Getting data from server
2025-09-18 11:08:58 - INFO - Start schedule normalization
2025-09-18 11:08:58 - INFO - Schedule is the same. Cancel.
2025-09-18 11:08:58 - INFO - Data received from server
2025-09-18 11:12:12 - INFO - 6983370282 used GET SCHEDULE FUNC and choice Четверг
2025-09-18 11:12:12 - ERROR - Infinity polling exception: HTTPSConnectionPool(host='api.telegram.org', port=443): Max retries exceeded with url: /bot8004422788:***********************************/sendMessage?chat_id=6983370282&text=%3Ccode%3E%D0%A0%D0%B0%D1%81%D0%BF.+%D0%B4%D0%BB%D1%8F+8%D0%9A+%D0%BD%D0%B0+%D0%A7%D0%B5%D1%82%D0%B2%D0%B5%D1%80%D0%B3%3A%0A%E2%84%96.+%D0%9A%D0%B0%D0%B1%D0%B8%D0%BD%D0%B5%D1%82++%7C+%D0%9F%D1%80%D0%B5%D0%B4%D0%BC%D0%B5%D1%82%0A1.+306%D0%90+++++%7C+%D0%98%D1%81%D1%82%D0%BE%D1%80%D0%B8%D1%8F%0A2.+201%D0%92+++++%7C+%D0%93%D0%B5%D0%BE%D0%B3%D1%80%D0%B0%D1%84%D0%B8%D1%8F%0A3.+%D1%81%D0%BF%D0%BE%D1%80%D1%82%D0%B7%D0%B0%D0%BB+%7C+%D0%A4%D0%B8%D0%B7%D0%BA%D1%83%D0%BB%D1%8C%D1%82%D1%83%D1%80%D0%B0%0A4.+%D1%81%D0%BF%D0%BE%D1%80%D1%82%D0%B7%D0%B0%D0%BB+%7C+%D0%A4%D0%B8%D0%B7%D0%BA%D1%83%D0%BB%D1%8C%D1%82%D1%83%D1%80%D0%B0%0A5.+107%D0%92+++++%7C+%D0%90%D0%BB%D0%B3%D0%B5%D0%B1%D1%80%D0%B0%0A6.+108%D0%93+++++%7C+%D0%A2%D1%80%D1%83%D0%B4%0A%7C++147%D0%95+++++%7C+%28%D1%82%D0%B5%D1%85%D0%BD%D0%BE%D0%BB%D0%BE%D0%B3%D0%B8%D1%8F%29%0A7.+208%D0%93+++++%7C+%D0%9C%D0%B0%D1%82%D0%B5%D0%BC%D0%B0%D1%82%D0%B8%D0%BA%D0%B0%0A%3C%2Fcode%3E&parse_mode=HTML (Caused by NameResolutionError("<urllib3.connection.HTTPSConnection object at 0x000001D8FD2BAED0>: Failed to resolve 'api.telegram.org' ([Errno 11001] getaddrinfo failed)"))
2025-09-18 11:12:12 - ERROR - Exception traceback:
Traceback (most recent call last):
  File "K:\Scedule_Bot_1.0\.venv\Lib\site-packages\urllib3\connection.py", line 198, in _new_conn
    sock = connection.create_connection(
           ^^^^^^^^^^^^^^^^^^^^^^^^^^^^^
  File "K:\Scedule_Bot_1.0\.venv\Lib\site-packages\urllib3\util\connection.py", line 60, in create_connection
    for res in socket.getaddrinfo(host, port, family, socket.SOCK_STREAM):
               ^^^^^^^^^^^^^^^^^^^^^^^^^^^^^^^^^^^^^^^^^^^^^^^^^^^^^^^^^^
  File "C:\Users\kazak\AppData\Local\Programs\Python\Python312\Lib\socket.py", line 978, in getaddrinfo
    for res in _socket.getaddrinfo(host, port, family, type, proto, flags):
               ^^^^^^^^^^^^^^^^^^^^^^^^^^^^^^^^^^^^^^^^^^^^^^^^^^^^^^^^^^^
socket.gaierror: [Errno 11001] getaddrinfo failed

The above exception was the direct cause of the following exception:

Traceback (most recent call last):
  File "K:\Scedule_Bot_1.0\.venv\Lib\site-packages\urllib3\connectionpool.py", line 787, in urlopen
    response = self._make_request(
               ^^^^^^^^^^^^^^^^^^^
  File "K:\Scedule_Bot_1.0\.venv\Lib\site-packages\urllib3\connectionpool.py", line 488, in _make_request
    raise new_e
  File "K:\Scedule_Bot_1.0\.venv\Lib\site-packages\urllib3\connectionpool.py", line 464, in _make_request
    self._validate_conn(conn)
  File "K:\Scedule_Bot_1.0\.venv\Lib\site-packages\urllib3\connectionpool.py", line 1093, in _validate_conn
    conn.connect()
  File "K:\Scedule_Bot_1.0\.venv\Lib\site-packages\urllib3\connection.py", line 753, in connect
    self.sock = sock = self._new_conn()
                       ^^^^^^^^^^^^^^^^
  File "K:\Scedule_Bot_1.0\.venv\Lib\site-packages\urllib3\connection.py", line 205, in _new_conn
    raise NameResolutionError(self.host, self, e) from e
urllib3.exceptions.NameResolutionError: <urllib3.connection.HTTPSConnection object at 0x000001D8FD2BAED0>: Failed to resolve 'api.telegram.org' ([Errno 11001] getaddrinfo failed)

The above exception was the direct cause of the following exception:

Traceback (most recent call last):
  File "K:\Scedule_Bot_1.0\.venv\Lib\site-packages\requests\adapters.py", line 667, in send
    resp = conn.urlopen(
           ^^^^^^^^^^^^^
  File "K:\Scedule_Bot_1.0\.venv\Lib\site-packages\urllib3\connectionpool.py", line 841, in urlopen
    retries = retries.increment(
              ^^^^^^^^^^^^^^^^^^
  File "K:\Scedule_Bot_1.0\.venv\Lib\site-packages\urllib3\util\retry.py", line 519, in increment
    raise MaxRetryError(_pool, url, reason) from reason  # type: ignore[arg-type]
    ^^^^^^^^^^^^^^^^^^^^^^^^^^^^^^^^^^^^^^^^^^^^^^^^^^^
urllib3.exceptions.MaxRetryError: HTTPSConnectionPool(host='api.telegram.org', port=443): Max retries exceeded with url: /bot8004422788:***********************************/sendMessage?chat_id=6983370282&text=%3Ccode%3E%D0%A0%D0%B0%D1%81%D0%BF.+%D0%B4%D0%BB%D1%8F+8%D0%9A+%D0%BD%D0%B0+%D0%A7%D0%B5%D1%82%D0%B2%D0%B5%D1%80%D0%B3%3A%0A%E2%84%96.+%D0%9A%D0%B0%D0%B1%D0%B8%D0%BD%D0%B5%D1%82++%7C+%D0%9F%D1%80%D0%B5%D0%B4%D0%BC%D0%B5%D1%82%0A1.+306%D0%90+++++%7C+%D0%98%D1%81%D1%82%D0%BE%D1%80%D0%B8%D1%8F%0A2.+201%D0%92+++++%7C+%D0%93%D0%B5%D0%BE%D0%B3%D1%80%D0%B0%D1%84%D0%B8%D1%8F%0A3.+%D1%81%D0%BF%D0%BE%D1%80%D1%82%D0%B7%D0%B0%D0%BB+%7C+%D0%A4%D0%B8%D0%B7%D0%BA%D1%83%D0%BB%D1%8C%D1%82%D1%83%D1%80%D0%B0%0A4.+%D1%81%D0%BF%D0%BE%D1%80%D1%82%D0%B7%D0%B0%D0%BB+%7C+%D0%A4%D0%B8%D0%B7%D0%BA%D1%83%D0%BB%D1%8C%D1%82%D1%83%D1%80%D0%B0%0A5.+107%D0%92+++++%7C+%D0%90%D0%BB%D0%B3%D0%B5%D0%B1%D1%80%D0%B0%0A6.+108%D0%93+++++%7C+%D0%A2%D1%80%D1%83%D0%B4%0A%7C++147%D0%95+++++%7C+%28%D1%82%D0%B5%D1%85%D0%BD%D0%BE%D0%BB%D0%BE%D0%B3%D0%B8%D1%8F%29%0A7.+208%D0%93+++++%7C+%D0%9C%D0%B0%D1%82%D0%B5%D0%BC%D0%B0%D1%82%D0%B8%D0%BA%D0%B0%0A%3C%2Fcode%3E&parse_mode=HTML (Caused by NameResolutionError("<urllib3.connection.HTTPSConnection object at 0x000001D8FD2BAED0>: Failed to resolve 'api.telegram.org' ([Errno 11001] getaddrinfo failed)"))

During handling of the above exception, another exception occurred:

Traceback (most recent call last):
  File "K:\Scedule_Bot_1.0\.venv\Lib\site-packages\telebot\__init__.py", line 1110, in infinity_polling
    self.polling(non_stop=True, timeout=timeout, long_polling_timeout=long_polling_timeout,
  File "K:\Scedule_Bot_1.0\.venv\Lib\site-packages\telebot\__init__.py", line 1198, in polling
    self.__threaded_polling(non_stop=non_stop, interval=interval, timeout=timeout, long_polling_timeout=long_polling_timeout,
  File "K:\Scedule_Bot_1.0\.venv\Lib\site-packages\telebot\__init__.py", line 1273, in __threaded_polling
    raise e
  File "K:\Scedule_Bot_1.0\.venv\Lib\site-packages\telebot\__init__.py", line 1235, in __threaded_polling
    self.worker_pool.raise_exceptions()
  File "K:\Scedule_Bot_1.0\.venv\Lib\site-packages\telebot\util.py", line 150, in raise_exceptions
    raise self.exception_info
  File "K:\Scedule_Bot_1.0\.venv\Lib\site-packages\telebot\util.py", line 93, in run
    task(*args, **kwargs)
  File "K:\Scedule_Bot_1.0\.venv\Lib\site-packages\telebot\__init__.py", line 9759, in _run_middlewares_and_handler
    result = handler['function'](message)
             ^^^^^^^^^^^^^^^^^^^^^^^^^^^^
  File "K:\Scedule_Bot_1.0\telegram_bot\main.py", line 273, in get_schedule_for_user
    bot.send_message(message.from_user.id,
  File "K:\Scedule_Bot_1.0\.venv\Lib\site-packages\telebot\__init__.py", line 1800, in send_message
    apihelper.send_message(
  File "K:\Scedule_Bot_1.0\.venv\Lib\site-packages\telebot\apihelper.py", line 275, in send_message
    return _make_request(token, method_url, params=payload, method='post')
           ^^^^^^^^^^^^^^^^^^^^^^^^^^^^^^^^^^^^^^^^^^^^^^^^^^^^^^^^^^^^^^^
  File "K:\Scedule_Bot_1.0\.venv\Lib\site-packages\telebot\apihelper.py", line 162, in _make_request
    result = _get_req_session().request(
             ^^^^^^^^^^^^^^^^^^^^^^^^^^^
  File "K:\Scedule_Bot_1.0\.venv\Lib\site-packages\requests\sessions.py", line 589, in request
    resp = self.send(prep, **send_kwargs)
           ^^^^^^^^^^^^^^^^^^^^^^^^^^^^^^
  File "K:\Scedule_Bot_1.0\.venv\Lib\site-packages\requests\sessions.py", line 703, in send
    r = adapter.send(request, **kwargs)
        ^^^^^^^^^^^^^^^^^^^^^^^^^^^^^^^
  File "K:\Scedule_Bot_1.0\.venv\Lib\site-packages\requests\adapters.py", line 700, in send
    raise ConnectionError(e, request=request)
requests.exceptions.ConnectionError: HTTPSConnectionPool(host='api.telegram.org', port=443): Max retries exceeded with url: /bot8004422788:***********************************/sendMessage?chat_id=6983370282&text=%3Ccode%3E%D0%A0%D0%B0%D1%81%D0%BF.+%D0%B4%D0%BB%D1%8F+8%D0%9A+%D0%BD%D0%B0+%D0%A7%D0%B5%D1%82%D0%B2%D0%B5%D1%80%D0%B3%3A%0A%E2%84%96.+%D0%9A%D0%B0%D0%B1%D0%B8%D0%BD%D0%B5%D1%82++%7C+%D0%9F%D1%80%D0%B5%D0%B4%D0%BC%D0%B5%D1%82%0A1.+306%D0%90+++++%7C+%D0%98%D1%81%D1%82%D0%BE%D1%80%D0%B8%D1%8F%0A2.+201%D0%92+++++%7C+%D0%93%D0%B5%D0%BE%D0%B3%D1%80%D0%B0%D1%84%D0%B8%D1%8F%0A3.+%D1%81%D0%BF%D0%BE%D1%80%D1%82%D0%B7%D0%B0%D0%BB+%7C+%D0%A4%D0%B8%D0%B7%D0%BA%D1%83%D0%BB%D1%8C%D1%82%D1%83%D1%80%D0%B0%0A4.+%D1%81%D0%BF%D0%BE%D1%80%D1%82%D0%B7%D0%B0%D0%BB+%7C+%D0%A4%D0%B8%D0%B7%D0%BA%D1%83%D0%BB%D1%8C%D1%82%D1%83%D1%80%D0%B0%0A5.+107%D0%92+++++%7C+%D0%90%D0%BB%D0%B3%D0%B5%D0%B1%D1%80%D0%B0%0A6.+108%D0%93+++++%7C+%D0%A2%D1%80%D1%83%D0%B4%0A%7C++147%D0%95+++++%7C+%28%D1%82%D0%B5%D1%85%D0%BD%D0%BE%D0%BB%D0%BE%D0%B3%D0%B8%D1%8F%29%0A7.+208%D0%93+++++%7C+%D0%9C%D0%B0%D1%82%D0%B5%D0%BC%D0%B0%D1%82%D0%B8%D0%BA%D0%B0%0A%3C%2Fcode%3E&parse_mode=HTML (Caused by NameResolutionError("<urllib3.connection.HTTPSConnection object at 0x000001D8FD2BAED0>: Failed to resolve 'api.telegram.org' ([Errno 11001] getaddrinfo failed)"))

2025-09-18 11:12:15 - ERROR - Infinity polling exception: HTTPSConnectionPool(host='api.telegram.org', port=443): Max retries exceeded with url: /bot8004422788:***********************************/getUpdates?offset=218512146&timeout=20 (Caused by NameResolutionError("<urllib3.connection.HTTPSConnection object at 0x000001D8FD203D40>: Failed to resolve 'api.telegram.org' ([Errno 11001] getaddrinfo failed)"))
2025-09-18 11:12:15 - ERROR - Exception traceback:
Traceback (most recent call last):
  File "K:\Scedule_Bot_1.0\.venv\Lib\site-packages\urllib3\connection.py", line 198, in _new_conn
    sock = connection.create_connection(
           ^^^^^^^^^^^^^^^^^^^^^^^^^^^^^
  File "K:\Scedule_Bot_1.0\.venv\Lib\site-packages\urllib3\util\connection.py", line 60, in create_connection
    for res in socket.getaddrinfo(host, port, family, socket.SOCK_STREAM):
               ^^^^^^^^^^^^^^^^^^^^^^^^^^^^^^^^^^^^^^^^^^^^^^^^^^^^^^^^^^
  File "C:\Users\kazak\AppData\Local\Programs\Python\Python312\Lib\socket.py", line 978, in getaddrinfo
    for res in _socket.getaddrinfo(host, port, family, type, proto, flags):
               ^^^^^^^^^^^^^^^^^^^^^^^^^^^^^^^^^^^^^^^^^^^^^^^^^^^^^^^^^^^
socket.gaierror: [Errno 11001] getaddrinfo failed

The above exception was the direct cause of the following exception:

Traceback (most recent call last):
  File "K:\Scedule_Bot_1.0\.venv\Lib\site-packages\urllib3\connectionpool.py", line 787, in urlopen
    response = self._make_request(
               ^^^^^^^^^^^^^^^^^^^
  File "K:\Scedule_Bot_1.0\.venv\Lib\site-packages\urllib3\connectionpool.py", line 488, in _make_request
    raise new_e
  File "K:\Scedule_Bot_1.0\.venv\Lib\site-packages\urllib3\connectionpool.py", line 464, in _make_request
    self._validate_conn(conn)
  File "K:\Scedule_Bot_1.0\.venv\Lib\site-packages\urllib3\connectionpool.py", line 1093, in _validate_conn
    conn.connect()
  File "K:\Scedule_Bot_1.0\.venv\Lib\site-packages\urllib3\connection.py", line 753, in connect
    self.sock = sock = self._new_conn()
                       ^^^^^^^^^^^^^^^^
  File "K:\Scedule_Bot_1.0\.venv\Lib\site-packages\urllib3\connection.py", line 205, in _new_conn
    raise NameResolutionError(self.host, self, e) from e
urllib3.exceptions.NameResolutionError: <urllib3.connection.HTTPSConnection object at 0x000001D8FD203D40>: Failed to resolve 'api.telegram.org' ([Errno 11001] getaddrinfo failed)

The above exception was the direct cause of the following exception:

Traceback (most recent call last):
  File "K:\Scedule_Bot_1.0\.venv\Lib\site-packages\requests\adapters.py", line 667, in send
    resp = conn.urlopen(
           ^^^^^^^^^^^^^
  File "K:\Scedule_Bot_1.0\.venv\Lib\site-packages\urllib3\connectionpool.py", line 841, in urlopen
    retries = retries.increment(
              ^^^^^^^^^^^^^^^^^^
  File "K:\Scedule_Bot_1.0\.venv\Lib\site-packages\urllib3\util\retry.py", line 519, in increment
    raise MaxRetryError(_pool, url, reason) from reason  # type: ignore[arg-type]
    ^^^^^^^^^^^^^^^^^^^^^^^^^^^^^^^^^^^^^^^^^^^^^^^^^^^
urllib3.exceptions.MaxRetryError: HTTPSConnectionPool(host='api.telegram.org', port=443): Max retries exceeded with url: /bot8004422788:***********************************/getUpdates?offset=218512146&timeout=20 (Caused by NameResolutionError("<urllib3.connection.HTTPSConnection object at 0x000001D8FD203D40>: Failed to resolve 'api.telegram.org' ([Errno 11001] getaddrinfo failed)"))

During handling of the above exception, another exception occurred:

Traceback (most recent call last):
  File "K:\Scedule_Bot_1.0\.venv\Lib\site-packages\telebot\__init__.py", line 1110, in infinity_polling
    self.polling(non_stop=True, timeout=timeout, long_polling_timeout=long_polling_timeout,
  File "K:\Scedule_Bot_1.0\.venv\Lib\site-packages\telebot\__init__.py", line 1198, in polling
    self.__threaded_polling(non_stop=non_stop, interval=interval, timeout=timeout, long_polling_timeout=long_polling_timeout,
  File "K:\Scedule_Bot_1.0\.venv\Lib\site-packages\telebot\__init__.py", line 1273, in __threaded_polling
    raise e
  File "K:\Scedule_Bot_1.0\.venv\Lib\site-packages\telebot\__init__.py", line 1234, in __threaded_polling
    polling_thread.raise_exceptions()
  File "K:\Scedule_Bot_1.0\.venv\Lib\site-packages\telebot\util.py", line 111, in raise_exceptions
    raise self.exception_info
  File "K:\Scedule_Bot_1.0\.venv\Lib\site-packages\telebot\util.py", line 93, in run
    task(*args, **kwargs)
  File "K:\Scedule_Bot_1.0\.venv\Lib\site-packages\telebot\__init__.py", line 688, in __retrieve_updates
    updates = self.get_updates(offset=(self.last_update_id + 1),
             ^^^^^^^^^^^^^^^^^^^^^^^^^^^^^^^^^^^^^^^^^^^^^^^^^^
  File "K:\Scedule_Bot_1.0\.venv\Lib\site-packages\telebot\__init__.py", line 660, in get_updates
    json_updates = apihelper.get_updates(
                   ^^^^^^^^^^^^^^^^^^^^^^
  File "K:\Scedule_Bot_1.0\.venv\Lib\site-packages\telebot\apihelper.py", line 332, in get_updates
    return _make_request(token, method_url, params=payload)
           ^^^^^^^^^^^^^^^^^^^^^^^^^^^^^^^^^^^^^^^^^^^^^^^^
  File "K:\Scedule_Bot_1.0\.venv\Lib\site-packages\telebot\apihelper.py", line 162, in _make_request
    result = _get_req_session().request(
             ^^^^^^^^^^^^^^^^^^^^^^^^^^^
  File "K:\Scedule_Bot_1.0\.venv\Lib\site-packages\requests\sessions.py", line 589, in request
    resp = self.send(prep, **send_kwargs)
           ^^^^^^^^^^^^^^^^^^^^^^^^^^^^^^
  File "K:\Scedule_Bot_1.0\.venv\Lib\site-packages\requests\sessions.py", line 703, in send
    r = adapter.send(request, **kwargs)
        ^^^^^^^^^^^^^^^^^^^^^^^^^^^^^^^
  File "K:\Scedule_Bot_1.0\.venv\Lib\site-packages\requests\adapters.py", line 700, in send
    raise ConnectionError(e, request=request)
requests.exceptions.ConnectionError: HTTPSConnectionPool(host='api.telegram.org', port=443): Max retries exceeded with url: /bot8004422788:***********************************/getUpdates?offset=218512146&timeout=20 (Caused by NameResolutionError("<urllib3.connection.HTTPSConnection object at 0x000001D8FD203D40>: Failed to resolve 'api.telegram.org' ([Errno 11001] getaddrinfo failed)"))

2025-09-18 11:12:18 - ERROR - Infinity polling exception: HTTPSConnectionPool(host='api.telegram.org', port=443): Max retries exceeded with url: /bot8004422788:***********************************/getUpdates?offset=218512146&timeout=20 (Caused by NameResolutionError("<urllib3.connection.HTTPSConnection object at 0x000001D8FD7985C0>: Failed to resolve 'api.telegram.org' ([Errno 11001] getaddrinfo failed)"))
2025-09-18 11:12:18 - ERROR - Exception traceback:
Traceback (most recent call last):
  File "K:\Scedule_Bot_1.0\.venv\Lib\site-packages\urllib3\connection.py", line 198, in _new_conn
    sock = connection.create_connection(
           ^^^^^^^^^^^^^^^^^^^^^^^^^^^^^
  File "K:\Scedule_Bot_1.0\.venv\Lib\site-packages\urllib3\util\connection.py", line 60, in create_connection
    for res in socket.getaddrinfo(host, port, family, socket.SOCK_STREAM):
               ^^^^^^^^^^^^^^^^^^^^^^^^^^^^^^^^^^^^^^^^^^^^^^^^^^^^^^^^^^
  File "C:\Users\kazak\AppData\Local\Programs\Python\Python312\Lib\socket.py", line 978, in getaddrinfo
    for res in _socket.getaddrinfo(host, port, family, type, proto, flags):
               ^^^^^^^^^^^^^^^^^^^^^^^^^^^^^^^^^^^^^^^^^^^^^^^^^^^^^^^^^^^
socket.gaierror: [Errno 11001] getaddrinfo failed

The above exception was the direct cause of the following exception:

Traceback (most recent call last):
  File "K:\Scedule_Bot_1.0\.venv\Lib\site-packages\urllib3\connectionpool.py", line 787, in urlopen
    response = self._make_request(
               ^^^^^^^^^^^^^^^^^^^
  File "K:\Scedule_Bot_1.0\.venv\Lib\site-packages\urllib3\connectionpool.py", line 488, in _make_request
    raise new_e
  File "K:\Scedule_Bot_1.0\.venv\Lib\site-packages\urllib3\connectionpool.py", line 464, in _make_request
    self._validate_conn(conn)
  File "K:\Scedule_Bot_1.0\.venv\Lib\site-packages\urllib3\connectionpool.py", line 1093, in _validate_conn
    conn.connect()
  File "K:\Scedule_Bot_1.0\.venv\Lib\site-packages\urllib3\connection.py", line 753, in connect
    self.sock = sock = self._new_conn()
                       ^^^^^^^^^^^^^^^^
  File "K:\Scedule_Bot_1.0\.venv\Lib\site-packages\urllib3\connection.py", line 205, in _new_conn
    raise NameResolutionError(self.host, self, e) from e
urllib3.exceptions.NameResolutionError: <urllib3.connection.HTTPSConnection object at 0x000001D8FD7985C0>: Failed to resolve 'api.telegram.org' ([Errno 11001] getaddrinfo failed)

The above exception was the direct cause of the following exception:

Traceback (most recent call last):
  File "K:\Scedule_Bot_1.0\.venv\Lib\site-packages\requests\adapters.py", line 667, in send
    resp = conn.urlopen(
           ^^^^^^^^^^^^^
  File "K:\Scedule_Bot_1.0\.venv\Lib\site-packages\urllib3\connectionpool.py", line 841, in urlopen
    retries = retries.increment(
              ^^^^^^^^^^^^^^^^^^
  File "K:\Scedule_Bot_1.0\.venv\Lib\site-packages\urllib3\util\retry.py", line 519, in increment
    raise MaxRetryError(_pool, url, reason) from reason  # type: ignore[arg-type]
    ^^^^^^^^^^^^^^^^^^^^^^^^^^^^^^^^^^^^^^^^^^^^^^^^^^^
urllib3.exceptions.MaxRetryError: HTTPSConnectionPool(host='api.telegram.org', port=443): Max retries exceeded with url: /bot8004422788:***********************************/getUpdates?offset=218512146&timeout=20 (Caused by NameResolutionError("<urllib3.connection.HTTPSConnection object at 0x000001D8FD7985C0>: Failed to resolve 'api.telegram.org' ([Errno 11001] getaddrinfo failed)"))

During handling of the above exception, another exception occurred:

Traceback (most recent call last):
  File "K:\Scedule_Bot_1.0\.venv\Lib\site-packages\telebot\__init__.py", line 1110, in infinity_polling
    self.polling(non_stop=True, timeout=timeout, long_polling_timeout=long_polling_timeout,
  File "K:\Scedule_Bot_1.0\.venv\Lib\site-packages\telebot\__init__.py", line 1198, in polling
    self.__threaded_polling(non_stop=non_stop, interval=interval, timeout=timeout, long_polling_timeout=long_polling_timeout,
  File "K:\Scedule_Bot_1.0\.venv\Lib\site-packages\telebot\__init__.py", line 1273, in __threaded_polling
    raise e
  File "K:\Scedule_Bot_1.0\.venv\Lib\site-packages\telebot\__init__.py", line 1234, in __threaded_polling
    polling_thread.raise_exceptions()
  File "K:\Scedule_Bot_1.0\.venv\Lib\site-packages\telebot\util.py", line 111, in raise_exceptions
    raise self.exception_info
  File "K:\Scedule_Bot_1.0\.venv\Lib\site-packages\telebot\util.py", line 93, in run
    task(*args, **kwargs)
  File "K:\Scedule_Bot_1.0\.venv\Lib\site-packages\telebot\__init__.py", line 688, in __retrieve_updates
    updates = self.get_updates(offset=(self.last_update_id + 1),
             ^^^^^^^^^^^^^^^^^^^^^^^^^^^^^^^^^^^^^^^^^^^^^^^^^^
  File "K:\Scedule_Bot_1.0\.venv\Lib\site-packages\telebot\__init__.py", line 660, in get_updates
    json_updates = apihelper.get_updates(
                   ^^^^^^^^^^^^^^^^^^^^^^
  File "K:\Scedule_Bot_1.0\.venv\Lib\site-packages\telebot\apihelper.py", line 332, in get_updates
    return _make_request(token, method_url, params=payload)
           ^^^^^^^^^^^^^^^^^^^^^^^^^^^^^^^^^^^^^^^^^^^^^^^^
  File "K:\Scedule_Bot_1.0\.venv\Lib\site-packages\telebot\apihelper.py", line 162, in _make_request
    result = _get_req_session().request(
             ^^^^^^^^^^^^^^^^^^^^^^^^^^^
  File "K:\Scedule_Bot_1.0\.venv\Lib\site-packages\requests\sessions.py", line 589, in request
    resp = self.send(prep, **send_kwargs)
           ^^^^^^^^^^^^^^^^^^^^^^^^^^^^^^
  File "K:\Scedule_Bot_1.0\.venv\Lib\site-packages\requests\sessions.py", line 703, in send
    r = adapter.send(request, **kwargs)
        ^^^^^^^^^^^^^^^^^^^^^^^^^^^^^^^
  File "K:\Scedule_Bot_1.0\.venv\Lib\site-packages\requests\adapters.py", line 700, in send
    raise ConnectionError(e, request=request)
requests.exceptions.ConnectionError: HTTPSConnectionPool(host='api.telegram.org', port=443): Max retries exceeded with url: /bot8004422788:***********************************/getUpdates?offset=218512146&timeout=20 (Caused by NameResolutionError("<urllib3.connection.HTTPSConnection object at 0x000001D8FD7985C0>: Failed to resolve 'api.telegram.org' ([Errno 11001] getaddrinfo failed)"))

2025-09-18 11:12:21 - INFO - 6983370282 used GET SCHEDULE FUNC and choice Четверг
2025-09-18 11:12:21 - ERROR - Infinity polling exception: HTTPSConnectionPool(host='api.telegram.org', port=443): Max retries exceeded with url: /bot8004422788:***********************************/sendMessage?chat_id=6983370282&text=%3Ccode%3E%D0%A0%D0%B0%D1%81%D0%BF.+%D0%B4%D0%BB%D1%8F+8%D0%9A+%D0%BD%D0%B0+%D0%A7%D0%B5%D1%82%D0%B2%D0%B5%D1%80%D0%B3%3A%0A%E2%84%96.+%D0%9A%D0%B0%D0%B1%D0%B8%D0%BD%D0%B5%D1%82++%7C+%D0%9F%D1%80%D0%B5%D0%B4%D0%BC%D0%B5%D1%82%0A1.+306%D0%90+++++%7C+%D0%98%D1%81%D1%82%D0%BE%D1%80%D0%B8%D1%8F%0A2.+201%D0%92+++++%7C+%D0%93%D0%B5%D0%BE%D0%B3%D1%80%D0%B0%D1%84%D0%B8%D1%8F%0A3.+%D1%81%D0%BF%D0%BE%D1%80%D1%82%D0%B7%D0%B0%D0%BB+%7C+%D0%A4%D0%B8%D0%B7%D0%BA%D1%83%D0%BB%D1%8C%D1%82%D1%83%D1%80%D0%B0%0A4.+%D1%81%D0%BF%D0%BE%D1%80%D1%82%D0%B7%D0%B0%D0%BB+%7C+%D0%A4%D0%B8%D0%B7%D0%BA%D1%83%D0%BB%D1%8C%D1%82%D1%83%D1%80%D0%B0%0A5.+107%D0%92+++++%7C+%D0%90%D0%BB%D0%B3%D0%B5%D0%B1%D1%80%D0%B0%0A6.+108%D0%93+++++%7C+%D0%A2%D1%80%D1%83%D0%B4%0A%7C++147%D0%95+++++%7C+%28%D1%82%D0%B5%D1%85%D0%BD%D0%BE%D0%BB%D0%BE%D0%B3%D0%B8%D1%8F%29%0A7.+208%D0%93+++++%7C+%D0%9C%D0%B0%D1%82%D0%B5%D0%BC%D0%B0%D1%82%D0%B8%D0%BA%D0%B0%0A%3C%2Fcode%3E&parse_mode=HTML (Caused by NameResolutionError("<urllib3.connection.HTTPSConnection object at 0x000001D8FA52A540>: Failed to resolve 'api.telegram.org' ([Errno 11001] getaddrinfo failed)"))
2025-09-18 11:12:21 - ERROR - Exception traceback:
Traceback (most recent call last):
  File "K:\Scedule_Bot_1.0\.venv\Lib\site-packages\urllib3\connection.py", line 198, in _new_conn
    sock = connection.create_connection(
           ^^^^^^^^^^^^^^^^^^^^^^^^^^^^^
  File "K:\Scedule_Bot_1.0\.venv\Lib\site-packages\urllib3\util\connection.py", line 60, in create_connection
    for res in socket.getaddrinfo(host, port, family, socket.SOCK_STREAM):
               ^^^^^^^^^^^^^^^^^^^^^^^^^^^^^^^^^^^^^^^^^^^^^^^^^^^^^^^^^^
  File "C:\Users\kazak\AppData\Local\Programs\Python\Python312\Lib\socket.py", line 978, in getaddrinfo
    for res in _socket.getaddrinfo(host, port, family, type, proto, flags):
               ^^^^^^^^^^^^^^^^^^^^^^^^^^^^^^^^^^^^^^^^^^^^^^^^^^^^^^^^^^^
socket.gaierror: [Errno 11001] getaddrinfo failed

The above exception was the direct cause of the following exception:

Traceback (most recent call last):
  File "K:\Scedule_Bot_1.0\.venv\Lib\site-packages\urllib3\connectionpool.py", line 787, in urlopen
    response = self._make_request(
               ^^^^^^^^^^^^^^^^^^^
  File "K:\Scedule_Bot_1.0\.venv\Lib\site-packages\urllib3\connectionpool.py", line 488, in _make_request
    raise new_e
  File "K:\Scedule_Bot_1.0\.venv\Lib\site-packages\urllib3\connectionpool.py", line 464, in _make_request
    self._validate_conn(conn)
  File "K:\Scedule_Bot_1.0\.venv\Lib\site-packages\urllib3\connectionpool.py", line 1093, in _validate_conn
    conn.connect()
  File "K:\Scedule_Bot_1.0\.venv\Lib\site-packages\urllib3\connection.py", line 753, in connect
    self.sock = sock = self._new_conn()
                       ^^^^^^^^^^^^^^^^
  File "K:\Scedule_Bot_1.0\.venv\Lib\site-packages\urllib3\connection.py", line 205, in _new_conn
    raise NameResolutionError(self.host, self, e) from e
urllib3.exceptions.NameResolutionError: <urllib3.connection.HTTPSConnection object at 0x000001D8FA52A540>: Failed to resolve 'api.telegram.org' ([Errno 11001] getaddrinfo failed)

The above exception was the direct cause of the following exception:

Traceback (most recent call last):
  File "K:\Scedule_Bot_1.0\.venv\Lib\site-packages\requests\adapters.py", line 667, in send
    resp = conn.urlopen(
           ^^^^^^^^^^^^^
  File "K:\Scedule_Bot_1.0\.venv\Lib\site-packages\urllib3\connectionpool.py", line 841, in urlopen
    retries = retries.increment(
              ^^^^^^^^^^^^^^^^^^
  File "K:\Scedule_Bot_1.0\.venv\Lib\site-packages\urllib3\util\retry.py", line 519, in increment
    raise MaxRetryError(_pool, url, reason) from reason  # type: ignore[arg-type]
    ^^^^^^^^^^^^^^^^^^^^^^^^^^^^^^^^^^^^^^^^^^^^^^^^^^^
urllib3.exceptions.MaxRetryError: HTTPSConnectionPool(host='api.telegram.org', port=443): Max retries exceeded with url: /bot8004422788:***********************************/sendMessage?chat_id=6983370282&text=%3Ccode%3E%D0%A0%D0%B0%D1%81%D0%BF.+%D0%B4%D0%BB%D1%8F+8%D0%9A+%D0%BD%D0%B0+%D0%A7%D0%B5%D1%82%D0%B2%D0%B5%D1%80%D0%B3%3A%0A%E2%84%96.+%D0%9A%D0%B0%D0%B1%D0%B8%D0%BD%D0%B5%D1%82++%7C+%D0%9F%D1%80%D0%B5%D0%B4%D0%BC%D0%B5%D1%82%0A1.+306%D0%90+++++%7C+%D0%98%D1%81%D1%82%D0%BE%D1%80%D0%B8%D1%8F%0A2.+201%D0%92+++++%7C+%D0%93%D0%B5%D0%BE%D0%B3%D1%80%D0%B0%D1%84%D0%B8%D1%8F%0A3.+%D1%81%D0%BF%D0%BE%D1%80%D1%82%D0%B7%D0%B0%D0%BB+%7C+%D0%A4%D0%B8%D0%B7%D0%BA%D1%83%D0%BB%D1%8C%D1%82%D1%83%D1%80%D0%B0%0A4.+%D1%81%D0%BF%D0%BE%D1%80%D1%82%D0%B7%D0%B0%D0%BB+%7C+%D0%A4%D0%B8%D0%B7%D0%BA%D1%83%D0%BB%D1%8C%D1%82%D1%83%D1%80%D0%B0%0A5.+107%D0%92+++++%7C+%D0%90%D0%BB%D0%B3%D0%B5%D0%B1%D1%80%D0%B0%0A6.+108%D0%93+++++%7C+%D0%A2%D1%80%D1%83%D0%B4%0A%7C++147%D0%95+++++%7C+%28%D1%82%D0%B5%D1%85%D0%BD%D0%BE%D0%BB%D0%BE%D0%B3%D0%B8%D1%8F%29%0A7.+208%D0%93+++++%7C+%D0%9C%D0%B0%D1%82%D0%B5%D0%BC%D0%B0%D1%82%D0%B8%D0%BA%D0%B0%0A%3C%2Fcode%3E&parse_mode=HTML (Caused by NameResolutionError("<urllib3.connection.HTTPSConnection object at 0x000001D8FA52A540>: Failed to resolve 'api.telegram.org' ([Errno 11001] getaddrinfo failed)"))

During handling of the above exception, another exception occurred:

Traceback (most recent call last):
  File "K:\Scedule_Bot_1.0\.venv\Lib\site-packages\telebot\__init__.py", line 1110, in infinity_polling
    self.polling(non_stop=True, timeout=timeout, long_polling_timeout=long_polling_timeout,
  File "K:\Scedule_Bot_1.0\.venv\Lib\site-packages\telebot\__init__.py", line 1198, in polling
    self.__threaded_polling(non_stop=non_stop, interval=interval, timeout=timeout, long_polling_timeout=long_polling_timeout,
  File "K:\Scedule_Bot_1.0\.venv\Lib\site-packages\telebot\__init__.py", line 1273, in __threaded_polling
    raise e
  File "K:\Scedule_Bot_1.0\.venv\Lib\site-packages\telebot\__init__.py", line 1235, in __threaded_polling
    self.worker_pool.raise_exceptions()
  File "K:\Scedule_Bot_1.0\.venv\Lib\site-packages\telebot\util.py", line 150, in raise_exceptions
    raise self.exception_info
  File "K:\Scedule_Bot_1.0\.venv\Lib\site-packages\telebot\util.py", line 93, in run
    task(*args, **kwargs)
  File "K:\Scedule_Bot_1.0\.venv\Lib\site-packages\telebot\__init__.py", line 9759, in _run_middlewares_and_handler
    result = handler['function'](message)
             ^^^^^^^^^^^^^^^^^^^^^^^^^^^^
  File "K:\Scedule_Bot_1.0\telegram_bot\main.py", line 273, in get_schedule_for_user
    bot.send_message(message.from_user.id,
  File "K:\Scedule_Bot_1.0\.venv\Lib\site-packages\telebot\__init__.py", line 1800, in send_message
    apihelper.send_message(
  File "K:\Scedule_Bot_1.0\.venv\Lib\site-packages\telebot\apihelper.py", line 275, in send_message
    return _make_request(token, method_url, params=payload, method='post')
           ^^^^^^^^^^^^^^^^^^^^^^^^^^^^^^^^^^^^^^^^^^^^^^^^^^^^^^^^^^^^^^^
  File "K:\Scedule_Bot_1.0\.venv\Lib\site-packages\telebot\apihelper.py", line 162, in _make_request
    result = _get_req_session().request(
             ^^^^^^^^^^^^^^^^^^^^^^^^^^^
  File "K:\Scedule_Bot_1.0\.venv\Lib\site-packages\requests\sessions.py", line 589, in request
    resp = self.send(prep, **send_kwargs)
           ^^^^^^^^^^^^^^^^^^^^^^^^^^^^^^
  File "K:\Scedule_Bot_1.0\.venv\Lib\site-packages\requests\sessions.py", line 703, in send
    r = adapter.send(request, **kwargs)
        ^^^^^^^^^^^^^^^^^^^^^^^^^^^^^^^
  File "K:\Scedule_Bot_1.0\.venv\Lib\site-packages\requests\adapters.py", line 700, in send
    raise ConnectionError(e, request=request)
requests.exceptions.ConnectionError: HTTPSConnectionPool(host='api.telegram.org', port=443): Max retries exceeded with url: /bot8004422788:***********************************/sendMessage?chat_id=6983370282&text=%3Ccode%3E%D0%A0%D0%B0%D1%81%D0%BF.+%D0%B4%D0%BB%D1%8F+8%D0%9A+%D0%BD%D0%B0+%D0%A7%D0%B5%D1%82%D0%B2%D0%B5%D1%80%D0%B3%3A%0A%E2%84%96.+%D0%9A%D0%B0%D0%B1%D0%B8%D0%BD%D0%B5%D1%82++%7C+%D0%9F%D1%80%D0%B5%D0%B4%D0%BC%D0%B5%D1%82%0A1.+306%D0%90+++++%7C+%D0%98%D1%81%D1%82%D0%BE%D1%80%D0%B8%D1%8F%0A2.+201%D0%92+++++%7C+%D0%93%D0%B5%D0%BE%D0%B3%D1%80%D0%B0%D1%84%D0%B8%D1%8F%0A3.+%D1%81%D0%BF%D0%BE%D1%80%D1%82%D0%B7%D0%B0%D0%BB+%7C+%D0%A4%D0%B8%D0%B7%D0%BA%D1%83%D0%BB%D1%8C%D1%82%D1%83%D1%80%D0%B0%0A4.+%D1%81%D0%BF%D0%BE%D1%80%D1%82%D0%B7%D0%B0%D0%BB+%7C+%D0%A4%D0%B8%D0%B7%D0%BA%D1%83%D0%BB%D1%8C%D1%82%D1%83%D1%80%D0%B0%0A5.+107%D0%92+++++%7C+%D0%90%D0%BB%D0%B3%D0%B5%D0%B1%D1%80%D0%B0%0A6.+108%D0%93+++++%7C+%D0%A2%D1%80%D1%83%D0%B4%0A%7C++147%D0%95+++++%7C+%28%D1%82%D0%B5%D1%85%D0%BD%D0%BE%D0%BB%D0%BE%D0%B3%D0%B8%D1%8F%29%0A7.+208%D0%93+++++%7C+%D0%9C%D0%B0%D1%82%D0%B5%D0%BC%D0%B0%D1%82%D0%B8%D0%BA%D0%B0%0A%3C%2Fcode%3E&parse_mode=HTML (Caused by NameResolutionError("<urllib3.connection.HTTPSConnection object at 0x000001D8FA52A540>: Failed to resolve 'api.telegram.org' ([Errno 11001] getaddrinfo failed)"))

2025-09-18 11:12:37 - INFO - 6983370282 used GET SCHEDULE FUNC and choice Четверг
2025-09-18 11:13:58 - INFO - Getting data from server
2025-09-18 11:14:00 - INFO - Start schedule normalization
2025-09-18 11:14:00 - INFO - Schedule is the same. Cancel.
2025-09-18 11:14:00 - INFO - Data received from server
2025-09-18 11:19:00 - INFO - Getting data from server
2025-09-18 11:19:02 - INFO - Start schedule normalization
2025-09-18 11:19:02 - INFO - Schedule is the same. Cancel.
2025-09-18 11:19:02 - INFO - Data received from server
2025-09-18 11:24:02 - INFO - Getting data from server
2025-09-18 11:24:03 - INFO - Start schedule normalization
2025-09-18 11:24:03 - INFO - Schedule is the same. Cancel.
2025-09-18 11:24:03 - INFO - Data received from server
2025-09-18 11:29:03 - INFO - Getting data from server
2025-09-18 11:29:05 - INFO - Start schedule normalization
2025-09-18 11:29:05 - INFO - Schedule is the same. Cancel.
2025-09-18 11:29:05 - INFO - Data received from server
2025-09-18 11:34:05 - INFO - Getting data from server
2025-09-18 11:34:06 - INFO - Start schedule normalization
2025-09-18 11:34:07 - INFO - Schedule is the same. Cancel.
2025-09-18 11:34:07 - INFO - Data received from server
2025-09-18 11:39:07 - INFO - Getting data from server
2025-09-18 11:39:08 - INFO - Start schedule normalization
2025-09-18 11:39:08 - INFO - Schedule is the same. Cancel.
2025-09-18 11:39:08 - INFO - Data received from server
2025-09-18 11:44:08 - INFO - Getting data from server
2025-09-18 11:44:10 - INFO - Start schedule normalization
2025-09-18 11:44:10 - INFO - Schedule is the same. Cancel.
2025-09-18 11:44:10 - INFO - Data received from server
2025-09-18 11:49:10 - INFO - Getting data from server
2025-09-18 11:49:11 - INFO - Start schedule normalization
2025-09-18 11:49:11 - INFO - Schedule is the same. Cancel.
2025-09-18 11:49:11 - INFO - Data received from server
2025-09-18 11:54:11 - INFO - Getting data from server
2025-09-18 11:54:13 - INFO - Start schedule normalization
2025-09-18 11:54:13 - INFO - Schedule is the same. Cancel.
2025-09-18 11:54:13 - INFO - Data received from server
2025-09-18 11:59:13 - INFO - Getting data from server
2025-09-18 11:59:14 - INFO - Start schedule normalization
2025-09-18 11:59:14 - INFO - Schedule is the same. Cancel.
2025-09-18 11:59:14 - INFO - Data received from server
2025-09-18 12:04:14 - INFO - Getting data from server
2025-09-18 12:04:16 - INFO - Start schedule normalization
2025-09-18 12:04:16 - INFO - Schedule is the same. Cancel.
2025-09-18 12:04:16 - INFO - Data received from server
2025-09-18 12:09:16 - INFO - Getting data from server
2025-09-18 12:09:17 - INFO - Start schedule normalization
2025-09-18 12:09:17 - INFO - Schedule is the same. Cancel.
2025-09-18 12:09:17 - INFO - Data received from server
2025-09-18 12:14:17 - INFO - Getting data from server
2025-09-18 12:14:19 - INFO - Start schedule normalization
2025-09-18 12:14:19 - INFO - Schedule is the same. Cancel.
2025-09-18 12:14:19 - INFO - Data received from server
2025-09-18 12:19:19 - INFO - Getting data from server
2025-09-18 12:19:21 - INFO - Start schedule normalization
2025-09-18 12:19:21 - INFO - Schedule is the same. Cancel.
2025-09-18 12:19:21 - INFO - Data received from server
2025-09-18 12:24:21 - INFO - Getting data from server
2025-09-18 12:24:22 - INFO - Start schedule normalization
2025-09-18 12:24:22 - INFO - Schedule is the same. Cancel.
2025-09-18 12:24:22 - INFO - Data received from server
2025-09-18 12:29:22 - INFO - Getting data from server
2025-09-18 12:29:24 - INFO - Start schedule normalization
2025-09-18 12:29:24 - INFO - Schedule is the same. Cancel.
2025-09-18 12:29:24 - INFO - Data received from server
2025-09-18 12:34:24 - INFO - Getting data from server
2025-09-18 12:34:25 - INFO - Start schedule normalization
2025-09-18 12:34:25 - INFO - Schedule is the same. Cancel.
2025-09-18 12:34:25 - INFO - Data received from server
2025-09-18 12:39:25 - INFO - Getting data from server
2025-09-18 12:39:27 - INFO - Start schedule normalization
2025-09-18 12:39:27 - INFO - Schedule is the same. Cancel.
2025-09-18 12:39:27 - INFO - Data received from server
2025-09-18 12:44:27 - INFO - Getting data from server
2025-09-18 12:44:28 - INFO - Start schedule normalization
2025-09-18 12:44:28 - INFO - Schedule is the same. Cancel.
2025-09-18 12:44:28 - INFO - Data received from server
2025-09-18 12:49:28 - INFO - Getting data from server
2025-09-18 12:49:49 - INFO - Data received from server
2025-09-18 12:54:49 - INFO - Getting data from server
2025-09-18 12:54:51 - INFO - Start schedule normalization
2025-09-18 12:54:51 - INFO - Schedule is the same. Cancel.
2025-09-18 12:54:51 - INFO - Data received from server
2025-09-18 12:59:51 - INFO - Getting data from server
2025-09-18 12:59:53 - INFO - Start schedule normalization
2025-09-18 12:59:53 - INFO - Schedule is the same. Cancel.
2025-09-18 12:59:53 - INFO - Data received from server
2025-09-18 13:04:53 - INFO - Getting data from server
2025-09-18 13:04:54 - INFO - Start schedule normalization
2025-09-18 13:04:54 - INFO - Schedule is the same. Cancel.
2025-09-18 13:04:54 - INFO - Data received from server
2025-09-18 13:09:54 - INFO - Getting data from server
2025-09-18 13:09:56 - INFO - Start schedule normalization
2025-09-18 13:09:56 - INFO - Schedule is the same. Cancel.
2025-09-18 13:09:56 - INFO - Data received from server
2025-09-18 13:14:56 - INFO - Getting data from server
2025-09-18 13:14:57 - INFO - Start schedule normalization
2025-09-18 13:14:57 - INFO - Schedule is the same. Cancel.
2025-09-18 13:14:57 - INFO - Data received from server
2025-09-18 13:19:57 - INFO - Getting data from server
2025-09-18 13:19:59 - INFO - Start schedule normalization
2025-09-18 13:19:59 - INFO - Schedule is the same. Cancel.
2025-09-18 13:19:59 - INFO - Data received from server
2025-09-18 13:24:59 - INFO - Getting data from server
2025-09-18 13:25:01 - INFO - Start schedule normalization
2025-09-18 13:25:01 - INFO - Schedule is the same. Cancel.
2025-09-18 13:25:01 - INFO - Data received from server
2025-09-18 13:30:01 - INFO - Getting data from server
2025-09-18 13:30:02 - INFO - Start schedule normalization
2025-09-18 13:30:02 - INFO - Schedule is the same. Cancel.
2025-09-18 13:30:02 - INFO - Data received from server
2025-09-18 13:35:02 - INFO - Getting data from server
2025-09-18 13:35:04 - INFO - Start schedule normalization
2025-09-18 13:35:04 - INFO - Schedule is the same. Cancel.
2025-09-18 13:35:04 - INFO - Data received from server
2025-09-18 13:40:04 - INFO - Getting data from server
2025-09-18 13:40:05 - INFO - Start schedule normalization
2025-09-18 13:40:05 - INFO - Schedule is the same. Cancel.
2025-09-18 13:40:05 - INFO - Data received from server
2025-09-18 13:45:05 - INFO - Getting data from server
2025-09-18 13:45:07 - INFO - Start schedule normalization
2025-09-18 13:45:07 - INFO - Schedule is the same. Cancel.
2025-09-18 13:45:07 - INFO - Data received from server
2025-09-18 13:50:07 - INFO - Getting data from server
2025-09-18 13:50:08 - INFO - Start schedule normalization
2025-09-18 13:50:08 - INFO - Schedule is the same. Cancel.
2025-09-18 13:50:08 - INFO - Data received from server
2025-09-18 13:55:08 - INFO - Getting data from server
2025-09-18 13:55:09 - INFO - Start schedule normalization
2025-09-18 13:55:10 - INFO - Schedule is the same. Cancel.
2025-09-18 13:55:10 - INFO - Data received from server
2025-09-18 14:00:10 - INFO - Getting data from server
2025-09-18 14:00:11 - INFO - Start schedule normalization
2025-09-18 14:00:11 - INFO - Schedule is the same. Cancel.
2025-09-18 14:00:11 - INFO - Data received from server
2025-09-18 14:05:11 - INFO - Getting data from server
2025-09-18 14:05:12 - INFO - Start schedule normalization
2025-09-18 14:05:12 - INFO - Schedule is the same. Cancel.
2025-09-18 14:05:12 - INFO - Data received from server
2025-09-18 14:10:12 - INFO - Getting data from server
2025-09-18 14:10:14 - INFO - Start schedule normalization
2025-09-18 14:10:14 - INFO - Schedule is the same. Cancel.
2025-09-18 14:10:14 - INFO - Data received from server
2025-09-18 14:15:14 - INFO - Getting data from server
2025-09-18 14:15:15 - INFO - Start schedule normalization
2025-09-18 14:15:15 - INFO - Schedule normalized
2025-09-18 14:15:15 - INFO - Data received from server
2025-09-18 14:20:15 - INFO - Getting data from server
2025-09-18 14:20:17 - INFO - Start schedule normalization
2025-09-18 14:20:17 - INFO - Schedule is the same. Cancel.
2025-09-18 14:20:17 - INFO - Data received from server
2025-09-18 14:25:17 - INFO - Getting data from server
2025-09-18 14:25:18 - INFO - Start schedule normalization
2025-09-18 14:25:18 - INFO - Schedule is the same. Cancel.
2025-09-18 14:25:18 - INFO - Data received from server
2025-09-18 14:30:18 - INFO - Getting data from server
2025-09-18 14:30:20 - INFO - Start schedule normalization
2025-09-18 14:30:20 - INFO - Schedule is the same. Cancel.
2025-09-18 14:30:20 - INFO - Data received from server
2025-09-18 14:35:20 - INFO - Getting data from server
2025-09-18 14:35:21 - INFO - Start schedule normalization
2025-09-18 14:35:21 - INFO - Schedule is the same. Cancel.
2025-09-18 14:35:21 - INFO - Data received from server
2025-09-18 14:40:21 - INFO - Getting data from server
2025-09-18 14:40:23 - INFO - Start schedule normalization
2025-09-18 14:40:23 - INFO - Schedule is the same. Cancel.
2025-09-18 14:40:23 - INFO - Data received from server
2025-09-18 14:45:23 - INFO - Getting data from server
2025-09-18 14:45:44 - INFO - Data received from server
2025-09-18 14:50:44 - INFO - Getting data from server
2025-09-18 14:50:46 - INFO - Start schedule normalization
2025-09-18 14:50:46 - INFO - Schedule is the same. Cancel.
2025-09-18 14:50:46 - INFO - Data received from server
2025-09-18 14:55:46 - INFO - Getting data from server
2025-09-18 14:55:47 - INFO - Start schedule normalization
2025-09-18 14:55:47 - INFO - Schedule is the same. Cancel.
2025-09-18 14:55:47 - INFO - Data received from server
2025-09-18 15:00:47 - INFO - Getting data from server
2025-09-18 15:00:48 - INFO - Start schedule normalization
2025-09-18 15:00:49 - INFO - Schedule is the same. Cancel.
2025-09-18 15:00:49 - INFO - Data received from server
2025-09-18 15:05:49 - INFO - Getting data from server
2025-09-18 15:05:50 - INFO - Start schedule normalization
2025-09-18 15:05:50 - INFO - Schedule normalized
2025-09-18 15:05:50 - INFO - Data received from server
2025-09-18 15:10:50 - INFO - Getting data from server
2025-09-18 15:10:52 - INFO - Start schedule normalization
2025-09-18 15:10:52 - INFO - Schedule is the same. Cancel.
2025-09-18 15:10:52 - INFO - Data received from server
2025-09-18 15:15:52 - INFO - Getting data from server
2025-09-18 15:15:53 - INFO - Start schedule normalization
2025-09-18 15:15:53 - INFO - Schedule is the same. Cancel.
2025-09-18 15:15:53 - INFO - Data received from server
2025-09-18 15:20:53 - INFO - Getting data from server
2025-09-18 15:20:55 - INFO - Start schedule normalization
2025-09-18 15:20:55 - INFO - Schedule is the same. Cancel.
2025-09-18 15:20:55 - INFO - Data received from server
2025-09-18 15:25:55 - INFO - Getting data from server
2025-09-18 15:25:56 - INFO - Start schedule normalization
2025-09-18 15:25:56 - INFO - Schedule is the same. Cancel.
2025-09-18 15:25:56 - INFO - Data received from server
2025-09-18 15:30:56 - INFO - Getting data from server
2025-09-18 15:30:58 - INFO - Start schedule normalization
2025-09-18 15:30:58 - INFO - Schedule is the same. Cancel.
2025-09-18 15:30:58 - INFO - Data received from server
2025-09-18 15:35:58 - INFO - Getting data from server
2025-09-18 15:35:59 - INFO - Start schedule normalization
2025-09-18 15:35:59 - INFO - Schedule is the same. Cancel.
2025-09-18 15:35:59 - INFO - Data received from server
2025-09-18 15:40:59 - INFO - Getting data from server
2025-09-18 15:41:01 - INFO - Start schedule normalization
2025-09-18 15:41:01 - INFO - Schedule is the same. Cancel.
2025-09-18 15:41:01 - INFO - Data received from server
2025-09-18 15:43:10 - INFO - 6983370282 used SAVE CHOICE CLASS FUNC and choice 7К
2025-09-18 15:43:16 - INFO - 6983370282 used SAVE CHOICE CLASS FUNC and choice 8К
2025-09-18 15:43:20 - INFO - 6983370282 used GET SCHEDULE FUNC and choice Понедельник
2025-09-18 15:43:20 - INFO - 6983370282 used GET SCHEDULE FUNC and choice Вторник
2025-09-18 15:43:21 - INFO - 6983370282 used GET SCHEDULE FUNC and choice Среда
2025-09-18 15:43:21 - INFO - 6983370282 used GET SCHEDULE FUNC and choice Четверг
2025-09-18 15:43:23 - INFO - 6983370282 used GET SCHEDULE FUNC and choice Пятница
2025-09-18 15:43:47 - INFO - 6983370282 used SAVE CHOICE CLASS FUNC and choice 8К
2025-09-18 15:43:50 - INFO - 6983370282 used SAVE CHOICE CLASS FUNC and choice 8К
2025-09-18 15:43:55 - INFO - 6983370282 used SAVE CHOICE CLASS FUNC and choice 8К
2025-09-18 15:43:55 - INFO - 6983370282 used SAVE CHOICE CLASS FUNC and choice 8К
2025-09-18 15:43:56 - INFO - 6983370282 used SAVE CHOICE CLASS FUNC and choice 8К
2025-09-18 15:43:57 - INFO - 6983370282 used SAVE CHOICE CLASS FUNC and choice 8К
2025-09-18 15:43:58 - INFO - 6983370282 used SAVE CHOICE CLASS FUNC and choice 8К
2025-09-18 15:43:58 - INFO - 6983370282 used SAVE CHOICE CLASS FUNC and choice 8К
2025-09-18 15:44:01 - INFO - 6983370282 used SAVE CHOICE CLASS FUNC and choice 8К
2025-09-18 15:44:05 - INFO - 6983370282 used SAVE CHOICE CLASS FUNC and choice 8К
2025-09-18 15:44:06 - INFO - 6983370282 used SAVE CHOICE CLASS FUNC and choice 8К
2025-09-18 15:44:07 - INFO - 6983370282 used SAVE CHOICE CLASS FUNC and choice 8К
2025-09-18 15:44:08 - INFO - 6983370282 used SAVE CHOICE CLASS FUNC and choice 8К
2025-09-18 15:44:09 - INFO - 6983370282 used SAVE CHOICE CLASS FUNC and choice 8К
2025-09-18 15:44:09 - INFO - 6983370282 used SAVE CHOICE CLASS FUNC and choice 8К
2025-09-18 15:44:10 - INFO - 6983370282 used SAVE CHOICE CLASS FUNC and choice 8К
2025-09-18 15:44:11 - INFO - 6983370282 used SAVE CHOICE CLASS FUNC and choice 8К
2025-09-18 15:44:12 - INFO - 6983370282 used SAVE CHOICE CLASS FUNC and choice 8К
2025-09-18 15:44:15 - INFO - 6983370282 used SAVE CHOICE CLASS FUNC and choice 8К
2025-09-18 15:44:18 - INFO - 6983370282 used SAVE CHOICE CLASS FUNC and choice 8К
2025-09-18 15:44:20 - INFO - 6983370282 used SAVE CHOICE CLASS FUNC and choice 8К
2025-09-18 15:44:21 - INFO - 6983370282 used SAVE CHOICE CLASS FUNC and choice 8К
2025-09-18 15:44:21 - INFO - 6983370282 used SAVE CHOICE CLASS FUNC and choice 8К
2025-09-18 15:44:22 - INFO - 6983370282 used SAVE CHOICE CLASS FUNC and choice 8К
2025-09-18 15:44:27 - INFO - 6983370282 used GET SCHEDULE FUNC and choice Пятница
2025-09-18 15:44:29 - INFO - 6983370282 used GET SCHEDULE FUNC and choice Пятница
2025-09-18 15:44:29 - INFO - 6983370282 used GET SCHEDULE FUNC and choice Пятница
2025-09-18 15:44:30 - INFO - 6983370282 used GET SCHEDULE FUNC and choice Пятница
2025-09-18 15:46:01 - INFO - Getting data from server
2025-09-18 15:46:02 - INFO - Start schedule normalization
2025-09-18 15:46:02 - INFO - Schedule normalized
2025-09-18 15:46:03 - INFO - Data received from server
2025-09-18 15:51:03 - INFO - Getting data from server
2025-09-18 15:51:04 - INFO - Start schedule normalization
2025-09-18 15:51:04 - INFO - Schedule is the same. Cancel.
2025-09-18 15:51:04 - INFO - Data received from server
2025-09-18 15:56:04 - INFO - Getting data from server
2025-09-18 15:56:06 - INFO - Start schedule normalization
2025-09-18 15:56:06 - INFO - Schedule is the same. Cancel.
2025-09-18 15:56:06 - INFO - Data received from server
2025-09-18 16:01:06 - INFO - Getting data from server
2025-09-18 16:01:07 - INFO - Start schedule normalization
2025-09-18 16:01:07 - INFO - Schedule is the same. Cancel.
2025-09-18 16:01:07 - INFO - Data received from server
2025-09-18 16:06:07 - INFO - Getting data from server
2025-09-18 16:06:09 - INFO - Start schedule normalization
2025-09-18 16:06:09 - INFO - Schedule is the same. Cancel.
2025-09-18 16:06:09 - INFO - Data received from server
2025-09-18 16:11:09 - INFO - Getting data from server
2025-09-18 16:11:10 - INFO - Start schedule normalization
2025-09-18 16:11:10 - INFO - Schedule is the same. Cancel.
2025-09-18 16:11:10 - INFO - Data received from server
2025-09-18 16:16:10 - INFO - Getting data from server
2025-09-18 16:16:32 - INFO - Data received from server
2025-09-18 16:21:32 - INFO - Getting data from server
2025-09-18 16:21:33 - INFO - Start schedule normalization
2025-09-18 16:21:33 - INFO - Schedule is the same. Cancel.
2025-09-18 16:21:33 - INFO - Data received from server
2025-09-18 16:26:33 - INFO - Getting data from server
2025-09-18 16:26:35 - INFO - Start schedule normalization
2025-09-18 16:26:35 - INFO - Schedule is the same. Cancel.
2025-09-18 16:26:35 - INFO - Data received from server
2025-09-18 16:27:23 - INFO - 7804831715 used GET SCHEDULE FUNC and choice Вторник
2025-09-18 16:27:25 - INFO - 7804831715 used GET SCHEDULE FUNC and choice Пятница
2025-09-18 16:27:27 - INFO - 7804831715 used CHOICE PARALLEL FUNC
2025-09-18 16:27:32 - INFO - 7804831715 used CHOICE CLASS FUNC and choice 8 классы
2025-09-18 16:27:39 - INFO - 7804831715 used SAVE CHOICE CLASS FUNC and choice 8К
2025-09-18 16:27:47 - INFO - 7804831715 used GET SCHEDULE FUNC and choice Среда
2025-09-18 16:27:52 - INFO - 7804831715 used GET SCHEDULE FUNC and choice Пятница
2025-09-18 16:31:35 - INFO - Getting data from server
2025-09-18 16:31:36 - INFO - Start schedule normalization
2025-09-18 16:31:36 - INFO - Schedule is the same. Cancel.
2025-09-18 16:31:36 - INFO - Data received from server
2025-09-18 16:36:36 - INFO - Getting data from server
2025-09-18 16:36:38 - INFO - Start schedule normalization
2025-09-18 16:36:38 - INFO - Schedule normalized
2025-09-18 16:36:38 - INFO - Data received from server
2025-09-18 16:41:38 - INFO - Getting data from server
2025-09-18 16:41:39 - INFO - Start schedule normalization
2025-09-18 16:41:39 - INFO - Schedule is the same. Cancel.
2025-09-18 16:41:39 - INFO - Data received from server
2025-09-18 16:46:39 - INFO - Getting data from server
2025-09-18 16:46:41 - INFO - Start schedule normalization
2025-09-18 16:46:41 - INFO - Schedule is the same. Cancel.
2025-09-18 16:46:41 - INFO - Data received from server
2025-09-18 16:51:41 - INFO - Getting data from server
2025-09-18 16:51:42 - INFO - Start schedule normalization
2025-09-18 16:51:42 - INFO - Schedule is the same. Cancel.
2025-09-18 16:51:42 - INFO - Data received from server
2025-09-18 16:56:42 - INFO - Getting data from server
2025-09-18 16:56:44 - INFO - Start schedule normalization
2025-09-18 16:56:44 - INFO - Schedule is the same. Cancel.
2025-09-18 16:56:44 - INFO - Data received from server
2025-09-18 17:01:44 - INFO - Getting data from server
2025-09-18 17:01:46 - INFO - Start schedule normalization
2025-09-18 17:01:46 - INFO - Schedule is the same. Cancel.
2025-09-18 17:01:46 - INFO - Data received from server
2025-09-18 17:06:46 - INFO - Getting data from server
2025-09-18 17:06:48 - INFO - Start schedule normalization
2025-09-18 17:06:48 - INFO - Schedule is the same. Cancel.
2025-09-18 17:06:48 - INFO - Data received from server
2025-09-18 17:11:48 - INFO - Getting data from server
2025-09-18 17:11:49 - INFO - Start schedule normalization
2025-09-18 17:11:49 - INFO - Schedule is the same. Cancel.
2025-09-18 17:11:49 - INFO - Data received from server
2025-09-18 17:16:49 - INFO - Getting data from server
2025-09-18 17:16:51 - INFO - Start schedule normalization
2025-09-18 17:16:51 - INFO - Schedule is the same. Cancel.
2025-09-18 17:16:51 - INFO - Data received from server
2025-09-18 17:21:51 - INFO - Getting data from server
2025-09-18 17:21:52 - INFO - Start schedule normalization
2025-09-18 17:21:52 - INFO - Schedule is the same. Cancel.
2025-09-18 17:21:52 - INFO - Data received from server
2025-09-18 17:26:52 - INFO - Getting data from server
2025-09-18 17:26:54 - INFO - Start schedule normalization
2025-09-18 17:26:54 - INFO - Schedule is the same. Cancel.
2025-09-18 17:26:54 - INFO - Data received from server
2025-09-18 17:31:54 - INFO - Getting data from server
2025-09-18 17:31:55 - INFO - Start schedule normalization
2025-09-18 17:31:55 - INFO - Schedule is the same. Cancel.
2025-09-18 17:31:55 - INFO - Data received from server
2025-09-18 17:36:55 - INFO - Getting data from server
2025-09-18 17:36:57 - INFO - Start schedule normalization
2025-09-18 17:36:57 - INFO - Schedule is the same. Cancel.
2025-09-18 17:36:57 - INFO - Data received from server
2025-09-18 17:41:57 - INFO - Getting data from server
2025-09-18 17:41:58 - INFO - Start schedule normalization
2025-09-18 17:41:58 - INFO - Schedule is the same. Cancel.
2025-09-18 17:41:58 - INFO - Data received from server
2025-09-18 17:46:58 - INFO - Getting data from server
2025-09-18 17:47:00 - INFO - Start schedule normalization
2025-09-18 17:47:00 - INFO - Schedule is the same. Cancel.
2025-09-18 17:47:00 - INFO - Data received from server
2025-09-18 17:52:00 - INFO - Getting data from server
2025-09-18 17:52:01 - INFO - Start schedule normalization
2025-09-18 17:52:02 - INFO - Schedule is the same. Cancel.
2025-09-18 17:52:02 - INFO - Data received from server
2025-09-18 17:57:02 - INFO - Getting data from server
2025-09-18 17:57:03 - INFO - Start schedule normalization
2025-09-18 17:57:03 - INFO - Schedule is the same. Cancel.
2025-09-18 17:57:03 - INFO - Data received from server
2025-09-18 18:02:03 - INFO - Getting data from server
2025-09-18 18:02:04 - INFO - Start schedule normalization
2025-09-18 18:02:05 - INFO - Schedule is the same. Cancel.
2025-09-18 18:02:05 - INFO - Data received from server
2025-09-18 18:07:05 - INFO - Getting data from server
2025-09-18 18:07:06 - INFO - Start schedule normalization
2025-09-18 18:07:06 - INFO - Schedule is the same. Cancel.
2025-09-18 18:07:06 - INFO - Data received from server
2025-09-18 18:12:06 - INFO - Getting data from server
2025-09-18 18:12:07 - INFO - Start schedule normalization
2025-09-18 18:12:08 - INFO - Schedule is the same. Cancel.
2025-09-18 18:12:08 - INFO - Data received from server
2025-09-18 18:17:08 - INFO - Getting data from server
2025-09-18 18:17:09 - INFO - Start schedule normalization
2025-09-18 18:17:09 - INFO - Schedule is the same. Cancel.
2025-09-18 18:17:09 - INFO - Data received from server
2025-09-18 18:22:09 - INFO - Getting data from server
2025-09-18 18:22:10 - INFO - Start schedule normalization
2025-09-18 18:22:10 - INFO - Schedule is the same. Cancel.
2025-09-18 18:22:10 - INFO - Data received from server
2025-09-18 18:27:10 - INFO - Getting data from server
2025-09-18 18:27:12 - INFO - Start schedule normalization
2025-09-18 18:27:12 - INFO - Schedule is the same. Cancel.
2025-09-18 18:27:12 - INFO - Data received from server
2025-09-18 18:32:12 - INFO - Getting data from server
2025-09-18 18:32:33 - INFO - Data received from server
2025-09-18 18:37:33 - INFO - Getting data from server
2025-09-18 18:37:35 - INFO - Start schedule normalization
2025-09-18 18:37:35 - INFO - Schedule is the same. Cancel.
2025-09-18 18:37:35 - INFO - Data received from server
2025-09-18 18:42:35 - INFO - Getting data from server
2025-09-18 18:42:36 - INFO - Start schedule normalization
2025-09-18 18:42:36 - INFO - Schedule is the same. Cancel.
2025-09-18 18:42:36 - INFO - Data received from server
2025-09-18 18:44:43 - INFO - 2045262706 used CHOICE PARALLEL FUNC
2025-09-18 18:44:45 - INFO - 2045262706 used CHOICE CLASS FUNC and choice 8 классы
2025-09-18 18:44:48 - INFO - 2045262706 used SAVE CHOICE CLASS FUNC and choice 8К
2025-09-18 18:44:51 - INFO - 2045262706 used GET SCHEDULE FUNC and choice Пятница
2025-09-18 18:47:36 - INFO - Getting data from server
2025-09-18 18:47:38 - INFO - Start schedule normalization
2025-09-18 18:47:38 - INFO - Schedule is the same. Cancel.
2025-09-18 18:47:38 - INFO - Data received from server
2025-09-18 18:52:38 - INFO - Getting data from server
2025-09-18 18:52:39 - INFO - Start schedule normalization
2025-09-18 18:52:39 - INFO - Schedule is the same. Cancel.
2025-09-18 18:52:39 - INFO - Data received from server
2025-09-18 18:57:39 - INFO - Getting data from server
2025-09-18 18:57:41 - INFO - Start schedule normalization
2025-09-18 18:57:41 - INFO - Schedule is the same. Cancel.
2025-09-18 18:57:41 - INFO - Data received from server
2025-09-18 19:02:41 - INFO - Getting data from server
2025-09-18 19:02:43 - INFO - Start schedule normalization
2025-09-18 19:02:43 - INFO - Schedule is the same. Cancel.
2025-09-18 19:02:43 - INFO - Data received from server
2025-09-18 19:07:43 - INFO - Getting data from server
2025-09-18 19:07:44 - INFO - Start schedule normalization
2025-09-18 19:07:44 - INFO - Schedule is the same. Cancel.
2025-09-18 19:07:44 - INFO - Data received from server
2025-09-18 19:12:44 - INFO - Getting data from server
2025-09-18 19:12:46 - INFO - Start schedule normalization
2025-09-18 19:12:46 - INFO - Schedule is the same. Cancel.
2025-09-18 19:12:46 - INFO - Data received from server
2025-09-18 19:17:46 - INFO - Getting data from server
2025-09-18 19:17:47 - INFO - Start schedule normalization
2025-09-18 19:17:48 - INFO - Schedule is the same. Cancel.
2025-09-18 19:17:48 - INFO - Data received from server
2025-09-18 19:22:48 - INFO - Getting data from server
2025-09-18 19:22:49 - INFO - Start schedule normalization
2025-09-18 19:22:49 - INFO - Schedule is the same. Cancel.
2025-09-18 19:22:49 - INFO - Data received from server
2025-09-18 19:27:49 - INFO - Getting data from server
2025-09-18 19:27:50 - INFO - Start schedule normalization
2025-09-18 19:27:50 - INFO - Schedule is the same. Cancel.
2025-09-18 19:27:50 - INFO - Data received from server
2025-09-18 19:32:50 - INFO - Getting data from server
2025-09-18 19:32:52 - INFO - Start schedule normalization
2025-09-18 19:32:52 - INFO - Schedule is the same. Cancel.
2025-09-18 19:32:52 - INFO - Data received from server
2025-09-18 19:37:52 - INFO - Getting data from server
2025-09-18 19:37:53 - INFO - Start schedule normalization
2025-09-18 19:37:53 - INFO - Schedule is the same. Cancel.
2025-09-18 19:37:53 - INFO - Data received from server
2025-09-18 19:42:53 - INFO - Getting data from server
2025-09-18 19:42:55 - INFO - Start schedule normalization
2025-09-18 19:42:55 - INFO - Schedule is the same. Cancel.
2025-09-18 19:42:55 - INFO - Data received from server
2025-09-18 19:47:55 - INFO - Getting data from server
2025-09-18 19:47:56 - INFO - Start schedule normalization
2025-09-18 19:47:56 - INFO - Schedule is the same. Cancel.
2025-09-18 19:47:56 - INFO - Data received from server
2025-09-18 19:52:56 - INFO - Getting data from server
2025-09-18 19:52:58 - INFO - Start schedule normalization
2025-09-18 19:52:58 - INFO - Schedule is the same. Cancel.
2025-09-18 19:52:58 - INFO - Data received from server
2025-09-18 19:57:58 - INFO - Getting data from server
2025-09-18 19:58:00 - INFO - Start schedule normalization
2025-09-18 19:58:00 - INFO - Schedule is the same. Cancel.
2025-09-18 19:58:00 - INFO - Data received from server
2025-09-18 20:03:00 - INFO - Getting data from server
2025-09-18 20:03:01 - INFO - Start schedule normalization
2025-09-18 20:03:01 - INFO - Schedule is the same. Cancel.
2025-09-18 20:03:01 - INFO - Data received from server
2025-09-18 20:08:01 - INFO - Getting data from server
2025-09-18 20:08:03 - INFO - Start schedule normalization
2025-09-18 20:08:03 - INFO - Schedule is the same. Cancel.
2025-09-18 20:08:03 - INFO - Data received from server
2025-09-18 20:13:03 - INFO - Getting data from server
2025-09-18 20:13:04 - INFO - Start schedule normalization
2025-09-18 20:13:04 - INFO - Schedule is the same. Cancel.
2025-09-18 20:13:04 - INFO - Data received from server
2025-09-18 20:18:04 - INFO - Getting data from server
2025-09-18 20:18:05 - INFO - Start schedule normalization
2025-09-18 20:18:06 - INFO - Schedule is the same. Cancel.
2025-09-18 20:18:06 - INFO - Data received from server
2025-09-18 20:23:06 - INFO - Getting data from server
2025-09-18 20:23:07 - INFO - Start schedule normalization
2025-09-18 20:23:07 - INFO - Schedule is the same. Cancel.
2025-09-18 20:23:07 - INFO - Data received from server
2025-09-18 20:28:07 - INFO - Getting data from server
2025-09-18 20:28:08 - INFO - Start schedule normalization
2025-09-18 20:28:08 - INFO - Schedule is the same. Cancel.
2025-09-18 20:28:08 - INFO - Data received from server
2025-09-18 20:33:08 - INFO - Getting data from server
2025-09-18 20:33:10 - INFO - Start schedule normalization
2025-09-18 20:33:10 - INFO - Schedule is the same. Cancel.
2025-09-18 20:33:10 - INFO - Data received from server
2025-09-18 20:38:10 - INFO - Getting data from server
2025-09-18 20:38:11 - INFO - Start schedule normalization
2025-09-18 20:38:11 - INFO - Schedule is the same. Cancel.
2025-09-18 20:38:11 - INFO - Data received from server
2025-09-18 20:43:11 - INFO - Getting data from server
2025-09-18 20:43:13 - INFO - Start schedule normalization
2025-09-18 20:43:13 - INFO - Schedule is the same. Cancel.
2025-09-18 20:43:13 - INFO - Data received from server
2025-09-18 20:48:13 - INFO - Getting data from server
2025-09-18 20:48:14 - INFO - Start schedule normalization
2025-09-18 20:48:15 - INFO - Schedule is the same. Cancel.
2025-09-18 20:48:15 - INFO - Data received from server
2025-09-18 20:53:15 - INFO - Getting data from server
2025-09-18 20:53:16 - INFO - Start schedule normalization
2025-09-18 20:53:16 - INFO - Schedule is the same. Cancel.
2025-09-18 20:53:16 - INFO - Data received from server
2025-09-18 20:58:16 - INFO - Getting data from server
2025-09-18 20:58:17 - INFO - Start schedule normalization
2025-09-18 20:58:17 - INFO - Schedule is the same. Cancel.
2025-09-18 20:58:17 - INFO - Data received from server
2025-09-18 20:59:53 - INFO - 7769723920 used HELP MESSAGE FUNC
2025-09-18 20:59:57 - INFO - 7769723920 used START MESSAGE FUNC
2025-09-18 21:00:00 - INFO - 7769723920 used CHOICE PARALLEL FUNC
2025-09-18 21:00:02 - INFO - 7769723920 used CHOICE CLASS FUNC and choice 8 классы
2025-09-18 21:00:05 - INFO - 7769723920 used SAVE CHOICE CLASS FUNC and choice 8К
2025-09-18 21:00:10 - INFO - 7769723920 used GET SCHEDULE FUNC and choice Пятница
2025-09-18 21:00:12 - INFO - 7769723920 used GET SCHEDULE FUNC and choice Четверг
2025-09-18 21:00:15 - INFO - 7769723920 used GET SCHEDULE FUNC and choice Пятница
2025-09-18 21:00:16 - INFO - 7769723920 used GET SCHEDULE FUNC and choice Среда
2025-09-18 21:00:18 - INFO - 7769723920 used GET SCHEDULE FUNC and choice Пятница
2025-09-18 21:03:17 - INFO - Getting data from server
2025-09-18 21:03:19 - INFO - Start schedule normalization
2025-09-18 21:03:19 - INFO - Schedule is the same. Cancel.
2025-09-18 21:03:19 - INFO - Data received from server
2025-09-18 21:08:19 - INFO - Getting data from server
2025-09-18 21:08:20 - INFO - Start schedule normalization
2025-09-18 21:08:20 - INFO - Schedule is the same. Cancel.
2025-09-18 21:08:20 - INFO - Data received from server
2025-09-18 21:13:20 - INFO - Getting data from server
2025-09-18 21:13:22 - INFO - Start schedule normalization
2025-09-18 21:13:22 - INFO - Schedule is the same. Cancel.
2025-09-18 21:13:22 - INFO - Data received from server
2025-09-18 21:18:22 - INFO - Getting data from server
2025-09-18 21:18:23 - INFO - Start schedule normalization
2025-09-18 21:18:23 - INFO - Schedule is the same. Cancel.
2025-09-18 21:18:23 - INFO - Data received from server
2025-09-18 21:23:23 - INFO - Getting data from server
2025-09-18 21:23:25 - INFO - Start schedule normalization
2025-09-18 21:23:25 - INFO - Schedule is the same. Cancel.
2025-09-18 21:23:25 - INFO - Data received from server
2025-09-18 21:28:25 - INFO - Getting data from server
2025-09-18 21:28:26 - INFO - Start schedule normalization
2025-09-18 21:28:26 - INFO - Schedule is the same. Cancel.
2025-09-18 21:28:26 - INFO - Data received from server
2025-09-18 21:33:26 - INFO - Getting data from server
2025-09-18 21:33:48 - INFO - Data received from server
2025-09-18 21:38:48 - INFO - Getting data from server
2025-09-18 21:38:49 - INFO - Start schedule normalization
2025-09-18 21:38:49 - INFO - Schedule is the same. Cancel.
2025-09-18 21:38:49 - INFO - Data received from server
2025-09-18 21:43:49 - INFO - Getting data from server
2025-09-18 21:43:51 - INFO - Start schedule normalization
2025-09-18 21:43:51 - INFO - Schedule is the same. Cancel.
2025-09-18 21:43:51 - INFO - Data received from server
2025-09-18 21:48:51 - INFO - Getting data from server
2025-09-18 21:48:52 - INFO - Start schedule normalization
2025-09-18 21:48:52 - INFO - Schedule is the same. Cancel.
2025-09-18 21:48:52 - INFO - Data received from server
2025-09-18 21:53:52 - INFO - Getting data from server
2025-09-18 21:53:54 - INFO - Start schedule normalization
2025-09-18 21:53:54 - INFO - Schedule is the same. Cancel.
2025-09-18 21:53:54 - INFO - Data received from server
2025-09-18 21:58:54 - INFO - Getting data from server
2025-09-18 21:59:15 - INFO - Data received from server
2025-09-18 22:04:15 - INFO - Getting data from server
2025-09-18 22:04:16 - INFO - Start schedule normalization
2025-09-18 22:04:16 - INFO - Schedule is the same. Cancel.
2025-09-18 22:04:16 - INFO - Data received from server
2025-09-18 22:05:55 - ERROR - Infinity polling: polling exited
2025-09-18 22:05:55 - ERROR - Break infinity polling
